Using pre-set license
Built from '2020.3/staging' branch; Version is '2020.3.0f1 (c7b5465681fb) revision 13088070'; Using compiler version '192528614'; Build Type 'Release'
OS: 'Windows 10 Home; OS build 19042.928; Version 2009; 64bit' Language: 'da' Physical Memory: 6021 MB
BatchMode: 1, IsHumanControllingUs: 0, StartBugReporterOnCrash: 0, Is64bit: 1, IsPro: 0

 COMMAND LINE ARGUMENTS:
C:\Program Files\Unity\Hub\Editor\2020.3.0f1\Editor\Unity.exe
-adb2
-batchMode
-noUpm
-name
AssetImportWorker0
-projectPath
C:/Users/tiene/Desktop/Create With Code - TKS/Drones/Drones Unity Project
-logFile
Logs/AssetImportWorker0.log
-srvPort
52150
Successfully changed project path to: C:/Users/tiene/Desktop/Create With Code - TKS/Drones/Drones Unity Project
C:/Users/tiene/Desktop/Create With Code - TKS/Drones/Drones Unity Project
Using Asset Import Pipeline V2.
Refreshing native plugins compatible for Editor in 150.91 ms, found 0 plugins.
Preloading 0 native plugins for Editor in 0.00 ms.
Initialize engine version: 2020.3.0f1 (c7b5465681fb)
[Subsystems] Discovering subsystems at path C:/Program Files/Unity/Hub/Editor/2020.3.0f1/Editor/Data/Resources/UnitySubsystems
[Subsystems] Discovering subsystems at path C:/Users/tiene/Desktop/Create With Code - TKS/Drones/Drones Unity Project/Assets
GfxDevice: creating device client; threaded=0
Direct3D:
    Version:  Direct3D 11.0 [level 11.1]
    Renderer: NVIDIA GeForce GTX 1650 (ID=0x1f91)
    Vendor:   
    VRAM:     3962 MB
    Driver:   27.21.14.5763
Initialize mono
Mono path[0] = 'C:/Program Files/Unity/Hub/Editor/2020.3.0f1/Editor/Data/Managed'
Mono path[1] = 'C:/Program Files/Unity/Hub/Editor/2020.3.0f1/Editor/Data/MonoBleedingEdge/lib/mono/unityjit'
Mono config path = 'C:/Program Files/Unity/Hub/Editor/2020.3.0f1/Editor/Data/MonoBleedingEdge/etc'
Using monoOptions --debugger-agent=transport=dt_socket,embedding=1,server=y,suspend=n,address=127.0.0.1:56404
Begin MonoManager ReloadAssembly
Registering precompiled unity dll's ...
Register platform support module: C:/Program Files/Unity/Hub/Editor/2020.3.0f1/Editor/Data/PlaybackEngines/WebGLSupport/UnityEditor.WebGL.Extensions.dll
Register platform support module: C:/Program Files/Unity/Hub/Editor/2020.3.0f1/Editor/Data/PlaybackEngines/MacStandaloneSupport/UnityEditor.OSXStandalone.Extensions.dll
Register platform support module: C:/Program Files/Unity/Hub/Editor/2020.3.0f1/Editor/Data/PlaybackEngines/WindowsStandaloneSupport/UnityEditor.WindowsStandalone.Extensions.dll
Registered in 0.008542 seconds.
Native extension for WindowsStandalone target not found
Native extension for OSXStandalone target not found
Native extension for WebGL target not found
Refreshing native plugins compatible for Editor in 83.33 ms, found 0 plugins.
Preloading 0 native plugins for Editor in 0.00 ms.
Invoked RoslynAnalysisRunner static constructor.
RoslynAnalysisRunner will not be running.
RoslynAnalysisRunner has terminated.
Mono: successfully reloaded assembly
- Completed reload, in  7.528 seconds
Platform modules already initialized, skipping
Registering precompiled user dll's ...
Registered in 0.011381 seconds.
Begin MonoManager ReloadAssembly
Native extension for WindowsStandalone target not found
Native extension for OSXStandalone target not found
Native extension for WebGL target not found
Refreshing native plugins compatible for Editor in 48.69 ms, found 0 plugins.
Preloading 0 native plugins for Editor in 0.00 ms.
Invoked RoslynAnalysisRunner static constructor.
RoslynAnalysisRunner will not be running.
RoslynAnalysisRunner has terminated.
Mono: successfully reloaded assembly
- Completed reload, in  1.418 seconds
Platform modules already initialized, skipping
========================================================================
Worker process is ready to serve import requests
Launched and connected shader compiler UnityShaderCompiler.exe after 0.08 seconds
Refreshing native plugins compatible for Editor in 0.44 ms, found 0 plugins.
Preloading 0 native plugins for Editor in 0.00 ms.
Unloading 1790 Unused Serialized files (Serialized files now loaded: 0)
System memory in use before: 84.2 MB.
System memory in use after: 84.2 MB.

Unloading 16 unused Assets to reduce memory usage. Loaded Objects now: 2234.
Total: 3.823200 ms (FindLiveObjects: 0.455100 ms CreateObjectMapping: 0.229600 ms MarkObjects: 3.011100 ms  DeleteObjects: 0.125000 ms)

========================================================================
Received Import Request.
  path: Assets/Drone_Controller/Art/Prefabs/Drone.prefab
  artifactKey: Guid(40bcbf3c75a2b62419f7d8ebed6d02e9) Importer(815301076,1909f56bfc062723c751e8b465ee728b)
Start importing Assets/Drone_Controller/Art/Prefabs/Drone.prefab using Guid(40bcbf3c75a2b62419f7d8ebed6d02e9) Importer(815301076,1909f56bfc062723c751e8b465ee728b)  -> (artifact id: '21964c968b6a6624cb88ec55c24271dc') in 0.667433 seconds
  Import took 0.676842 seconds .

========================================================================
Received Import Request.
  Time since last request: 13035.002745 seconds.
  path: Assets/Drone_Controller/Art/Prefabs/Drone.prefab
  artifactKey: Guid(40bcbf3c75a2b62419f7d8ebed6d02e9) Importer(815301076,1909f56bfc062723c751e8b465ee728b)
Start importing Assets/Drone_Controller/Art/Prefabs/Drone.prefab using Guid(40bcbf3c75a2b62419f7d8ebed6d02e9) Importer(815301076,1909f56bfc062723c751e8b465ee728b)  -> (artifact id: '7ec43d7757e4bfbe9e9e02b539be8b46') in 1.234175 seconds
  Import took 1.444390 seconds .

========================================================================
Received Prepare
Registering precompiled user dll's ...
Registered in 0.080878 seconds.
Begin MonoManager ReloadAssembly
Native extension for WindowsStandalone target not found
Native extension for OSXStandalone target not found
Native extension for WebGL target not found
Refreshing native plugins compatible for Editor in 2.62 ms, found 0 plugins.
Preloading 0 native plugins for Editor in 0.00 ms.
Invoked RoslynAnalysisRunner static constructor.
RoslynAnalysisRunner will not be running.
RoslynAnalysisRunner has terminated.
Mono: successfully reloaded assembly
- Completed reload, in  4.671 seconds
Platform modules already initialized, skipping
Refreshing native plugins compatible for Editor in 1.44 ms, found 0 plugins.
Preloading 0 native plugins for Editor in 0.00 ms.
Unloading 1758 Unused Serialized files (Serialized files now loaded: 0)
System memory in use before: 85.4 MB.
System memory in use after: 85.5 MB.

Unloading 11 unused Assets to reduce memory usage. Loaded Objects now: 2244.
Total: 13.026800 ms (FindLiveObjects: 2.458100 ms CreateObjectMapping: 1.465800 ms MarkObjects: 8.118000 ms  DeleteObjects: 0.973800 ms)

========================================================================
Received Import Request.
  Time since last request: 109.203094 seconds.
  path: Assets/Drone_Controller/Art/Prefabs/Drone.prefab
  artifactKey: Guid(40bcbf3c75a2b62419f7d8ebed6d02e9) Importer(815301076,1909f56bfc062723c751e8b465ee728b)
Start importing Assets/Drone_Controller/Art/Prefabs/Drone.prefab using Guid(40bcbf3c75a2b62419f7d8ebed6d02e9) Importer(815301076,1909f56bfc062723c751e8b465ee728b)  -> (artifact id: '0be4d250a7eb8e58a914731276a057d1') in 0.516345 seconds
  Import took 0.540776 seconds .

========================================================================
Received Prepare
Registering precompiled user dll's ...
Registered in 0.494947 seconds.
Begin MonoManager ReloadAssembly
Native extension for WindowsStandalone target not found
Native extension for OSXStandalone target not found
Native extension for WebGL target not found
Refreshing native plugins compatible for Editor in 1.79 ms, found 0 plugins.
Preloading 0 native plugins for Editor in 0.00 ms.
Invoked RoslynAnalysisRunner static constructor.
RoslynAnalysisRunner will not be running.
RoslynAnalysisRunner has terminated.
Mono: successfully reloaded assembly
- Completed reload, in  5.851 seconds
Platform modules already initialized, skipping
Refreshing native plugins compatible for Editor in 1.32 ms, found 0 plugins.
Preloading 0 native plugins for Editor in 0.00 ms.
Unloading 1758 Unused Serialized files (Serialized files now loaded: 0)
System memory in use before: 85.4 MB.
System memory in use after: 85.5 MB.

Unloading 11 unused Assets to reduce memory usage. Loaded Objects now: 2248.
Total: 23.083100 ms (FindLiveObjects: 3.293500 ms CreateObjectMapping: 0.858600 ms MarkObjects: 16.340800 ms  DeleteObjects: 2.578500 ms)

========================================================================
Received Prepare
Registering precompiled user dll's ...
Registered in 0.012821 seconds.
Begin MonoManager ReloadAssembly
Native extension for WindowsStandalone target not found
Native extension for OSXStandalone target not found
Native extension for WebGL target not found
Refreshing native plugins compatible for Editor in 1.65 ms, found 0 plugins.
Preloading 0 native plugins for Editor in 0.00 ms.
Invoked RoslynAnalysisRunner static constructor.
RoslynAnalysisRunner will not be running.
RoslynAnalysisRunner has terminated.
Mono: successfully reloaded assembly
- Completed reload, in  2.850 seconds
Platform modules already initialized, skipping
Refreshing native plugins compatible for Editor in 1.29 ms, found 0 plugins.
Preloading 0 native plugins for Editor in 0.00 ms.
Unloading 1758 Unused Serialized files (Serialized files now loaded: 0)
System memory in use before: 85.4 MB.
System memory in use after: 85.5 MB.

Unloading 9 unused Assets to reduce memory usage. Loaded Objects now: 2251.
Total: 7.332300 ms (FindLiveObjects: 0.637500 ms CreateObjectMapping: 0.109200 ms MarkObjects: 6.255000 ms  DeleteObjects: 0.323200 ms)

AssetImportWorkerClient::OnTransportError - code=2 error=End of file
